This is pdfTeX, Version 3.141592653-2.6-1.40.26 (MiKTeX 24.3.31) (preloaded format=pdflatex 2024.4.20)  31 MAY 2024 10:49
entering extended mode
 restricted \write18 enabled.
 %&-line parsing enabled.
**./–î–∏–ø–ª–æ–º.tex
(–î–∏–ø–ª–æ–º.tex
LaTeX2e <2023-11-01> patch level 1
L3 programming layer <2024-03-14>
(D:\programs\MiKTeX\tex/latex/base\article.cls
Document Class: article 2023/05/17 v1.4n Standard LaTeX document class
(D:\programs\MiKTeX\tex/latex/base\size10.clo
File: size10.clo 2023/05/17 v1.4n Standard LaTeX file (size option)
)
\c@part=\count188
\c@section=\count189
\c@subsection=\count190
\c@subsubsection=\count191
\c@paragraph=\count192
\c@subparagraph=\count193
\c@figure=\count194
\c@table=\count195
\abovecaptionskip=\skip48
\belowcaptionskip=\skip49
\bibindent=\dimen140
)
(D:\programs\MiKTeX\tex/latex/base\fontenc.sty
Package: fontenc 2021/04/29 v2.0v Standard LaTeX package

(C:\Users\–ù–∏–ª\AppData\Local\Programs\MiKTeX\tex/latex/cyrillic\t2aenc.def
File: t2aenc.def 2022/06/11 v1.0j Cyrillic encoding definition file
Now handling font encoding T2A ...
... processing UTF-8 mapping file for font encoding T2A

(D:\programs\MiKTeX\tex/latex/base\t2aenc.dfu
File: t2aenc.dfu 2022/06/07 v1.3c UTF-8 support
   defining Unicode char U+00A4 (decimal 164)
   defining Unicode char U+00A7 (decimal 167)
   defining Unicode char U+00AB (decimal 171)
   defining Unicode char U+00BB (decimal 187)
   defining Unicode char U+0131 (decimal 305)
   defining Unicode char U+0237 (decimal 567)
   defining Unicode char U+0400 (decimal 1024)
   defining Unicode char U+0401 (decimal 1025)
   defining Unicode char U+0402 (decimal 1026)
   defining Unicode char U+0403 (decimal 1027)
   defining Unicode char U+0404 (decimal 1028)
   defining Unicode char U+0405 (decimal 1029)
   defining Unicode char U+0406 (decimal 1030)
   defining Unicode char U+0407 (decimal 1031)
   defining Unicode char U+0408 (decimal 1032)
   defining Unicode char U+0409 (decimal 1033)
   defining Unicode char U+040A (decimal 1034)
   defining Unicode char U+040B (decimal 1035)
   defining Unicode char U+040C (decimal 1036)
   defining Unicode char U+040D (decimal 1037)
   defining Unicode char U+040E (decimal 1038)
   defining Unicode char U+040F (decimal 1039)
   defining Unicode char U+0410 (decimal 1040)
   defining Unicode char U+0411 (decimal 1041)
   defining Unicode char U+0412 (decimal 1042)
   defining Unicode char U+0413 (decimal 1043)
   defining Unicode char U+0414 (decimal 1044)
   defining Unicode char U+0415 (decimal 1045)
   defining Unicode char U+0416 (decimal 1046)
   defining Unicode char U+0417 (decimal 1047)
   defining Unicode char U+0418 (decimal 1048)
   defining Unicode char U+0419 (decimal 1049)
   defining Unicode char U+041A (decimal 1050)
   defining Unicode char U+041B (decimal 1051)
   defining Unicode char U+041C (decimal 1052)
   defining Unicode char U+041D (decimal 1053)
   defining Unicode char U+041E (decimal 1054)
   defining Unicode char U+041F (decimal 1055)
   defining Unicode char U+0420 (decimal 1056)
   defining Unicode char U+0421 (decimal 1057)
   defining Unicode char U+0422 (decimal 1058)
   defining Unicode char U+0423 (decimal 1059)
   defining Unicode char U+0424 (decimal 1060)
   defining Unicode char U+0425 (decimal 1061)
   defining Unicode char U+0426 (decimal 1062)
   defining Unicode char U+0427 (decimal 1063)
   defining Unicode char U+0428 (decimal 1064)
   defining Unicode char U+0429 (decimal 1065)
   defining Unicode char U+042A (decimal 1066)
   defining Unicode char U+042B (decimal 1067)
   defining Unicode char U+042C (decimal 1068)
   defining Unicode char U+042D (decimal 1069)
   defining Unicode char U+042E (decimal 1070)
   defining Unicode char U+042F (decimal 1071)
   defining Unicode char U+0430 (decimal 1072)
   defining Unicode char U+0431 (decimal 1073)
   defining Unicode char U+0432 (decimal 1074)
   defining Unicode char U+0433 (decimal 1075)
   defining Unicode char U+0434 (decimal 1076)
   defining Unicode char U+0435 (decimal 1077)
   defining Unicode char U+0436 (decimal 1078)
   defining Unicode char U+0437 (decimal 1079)
   defining Unicode char U+0438 (decimal 1080)
   defining Unicode char U+0439 (decimal 1081)
   defining Unicode char U+043A (decimal 1082)
   defining Unicode char U+043B (decimal 1083)
   defining Unicode char U+043C (decimal 1084)
   defining Unicode char U+043D (decimal 1085)
   defining Unicode char U+043E (decimal 1086)
   defining Unicode char U+043F (decimal 1087)
   defining Unicode char U+0440 (decimal 1088)
   defining Unicode char U+0441 (decimal 1089)
   defining Unicode char U+0442 (decimal 1090)
   defining Unicode char U+0443 (decimal 1091)
   defining Unicode char U+0444 (decimal 1092)
   defining Unicode char U+0445 (decimal 1093)
   defining Unicode char U+0446 (decimal 1094)
   defining Unicode char U+0447 (decimal 1095)
   defining Unicode char U+0448 (decimal 1096)
   defining Unicode char U+0449 (decimal 1097)
   defining Unicode char U+044A (decimal 1098)
   defining Unicode char U+044B (decimal 1099)
   defining Unicode char U+044C (decimal 1100)
   defining Unicode char U+044D (decimal 1101)
   defining Unicode char U+044E (decimal 1102)
   defining Unicode char U+044F (decimal 1103)
   defining Unicode char U+0450 (decimal 1104)
   defining Unicode char U+0451 (decimal 1105)
   defining Unicode char U+0452 (decimal 1106)
   defining Unicode char U+0453 (decimal 1107)
   defining Unicode char U+0454 (decimal 1108)
   defining Unicode char U+0455 (decimal 1109)
   defining Unicode char U+0456 (decimal 1110)
   defining Unicode char U+0457 (decimal 1111)
   defining Unicode char U+0458 (decimal 1112)
   defining Unicode char U+0459 (decimal 1113)
   defining Unicode char U+045A (decimal 1114)
   defining Unicode char U+045B (decimal 1115)
   defining Unicode char U+045C (decimal 1116)
   defining Unicode char U+045D (decimal 1117)
   defining Unicode char U+045E (decimal 1118)
   defining Unicode char U+045F (decimal 1119)
   defining Unicode char U+0490 (decimal 1168)
   defining Unicode char U+0491 (decimal 1169)
   defining Unicode char U+0492 (decimal 1170)
   defining Unicode char U+0493 (decimal 1171)
   defining Unicode char U+0496 (decimal 1174)
   defining Unicode char U+0497 (decimal 1175)
   defining Unicode char U+0498 (decimal 1176)
   defining Unicode char U+0499 (decimal 1177)
   defining Unicode char U+049A (decimal 1178)
   defining Unicode char U+049B (decimal 1179)
   defining Unicode char U+049C (decimal 1180)
   defining Unicode char U+049D (decimal 1181)
   defining Unicode char U+04A0 (decimal 1184)
   defining Unicode char U+04A1 (decimal 1185)
   defining Unicode char U+04A2 (decimal 1186)
   defining Unicode char U+04A3 (decimal 1187)
   defining Unicode char U+04A4 (decimal 1188)
   defining Unicode char U+04A5 (decimal 1189)
   defining Unicode char U+04AA (decimal 1194)
   defining Unicode char U+04AB (decimal 1195)
   defining Unicode char U+04AE (decimal 1198)
   defining Unicode char U+04AF (decimal 1199)
   defining Unicode char U+04B0 (decimal 1200)
   defining Unicode char U+04B1 (decimal 1201)
   defining Unicode char U+04B2 (decimal 1202)
   defining Unicode char U+04B3 (decimal 1203)
   defining Unicode char U+04B6 (decimal 1206)
   defining Unicode char U+04B7 (decimal 1207)
   defining Unicode char U+04B8 (decimal 1208)
   defining Unicode char U+04B9 (decimal 1209)
   defining Unicode char U+04BA (decimal 1210)
   defining Unicode char U+04BB (decimal 1211)
   defining Unicode char U+04C0 (decimal 1216)
   defining Unicode char U+04C1 (decimal 1217)
   defining Unicode char U+04C2 (decimal 1218)
   defining Unicode char U+04D0 (decimal 1232)
   defining Unicode char U+04D1 (decimal 1233)
   defining Unicode char U+04D2 (decimal 1234)
   defining Unicode char U+04D3 (decimal 1235)
   defining Unicode char U+04D4 (decimal 1236)
   defining Unicode char U+04D5 (decimal 1237)
   defining Unicode char U+04D6 (decimal 1238)
   defining Unicode char U+04D7 (decimal 1239)
   defining Unicode char U+04D8 (decimal 1240)
   defining Unicode char U+04D9 (decimal 1241)
   defining Unicode char U+04DA (decimal 1242)
   defining Unicode char U+04DB (decimal 1243)
   defining Unicode char U+04DC (decimal 1244)
   defining Unicode char U+04DD (decimal 1245)
   defining Unicode char U+04DE (decimal 1246)
   defining Unicode char U+04DF (decimal 1247)
   defining Unicode char U+04E2 (decimal 1250)
   defining Unicode char U+04E3 (decimal 1251)
   defining Unicode char U+04E4 (decimal 1252)
   defining Unicode char U+04E5 (decimal 1253)
   defining Unicode char U+04E6 (decimal 1254)
   defining Unicode char U+04E7 (decimal 1255)
   defining Unicode char U+04E8 (decimal 1256)
   defining Unicode char U+04E9 (decimal 1257)
   defining Unicode char U+04EC (decimal 1260)
   defining Unicode char U+04ED (decimal 1261)
   defining Unicode char U+04EE (decimal 1262)
   defining Unicode char U+04EF (decimal 1263)
   defining Unicode char U+04F0 (decimal 1264)
   defining Unicode char U+04F1 (decimal 1265)
   defining Unicode char U+04F2 (decimal 1266)
   defining Unicode char U+04F3 (decimal 1267)
   defining Unicode char U+04F4 (decimal 1268)
   defining Unicode char U+04F5 (decimal 1269)
   defining Unicode char U+04F8 (decimal 1272)
   defining Unicode char U+04F9 (decimal 1273)
   defining Unicode char U+200C (decimal 8204)
   defining Unicode char U+2013 (decimal 8211)
   defining Unicode char U+2014 (decimal 8212)
   defining Unicode char U+2018 (decimal 8216)
   defining Unicode char U+2019 (decimal 8217)
   defining Unicode char U+201C (decimal 8220)
   defining Unicode char U+201D (decimal 8221)
   defining Unicode char U+201E (decimal 8222)
   defining Unicode char U+2030 (decimal 8240)
   defining Unicode char U+2031 (decimal 8241)
   defining Unicode char U+2116 (decimal 8470)
   defining Unicode char U+2329 (decimal 9001)
   defining Unicode char U+3008 (decimal 12296)
   defining Unicode char U+232A (decimal 9002)
   defining Unicode char U+3009 (decimal 12297)
   defining Unicode char U+2423 (decimal 9251)
   defining Unicode char U+27E8 (decimal 10216)
   defining Unicode char U+27E9 (decimal 10217)
   defining Unicode char U+FB00 (decimal 64256)
   defining Unicode char U+FB01 (decimal 64257)
   defining Unicode char U+FB02 (decimal 64258)
   defining Unicode char U+FB03 (decimal 64259)
   defining Unicode char U+FB04 (decimal 64260)
   defining Unicode char U+FB05 (decimal 64261)
   defining Unicode char U+FB06 (decimal 64262)
))
LaTeX Font Info:    Trying to load font information for T2A+cmr on input line 1
12.

(C:\Users\–ù–∏–ª\AppData\Local\Programs\MiKTeX\tex/latex/cyrillic\t2acmr.fd
File: t2acmr.fd 2001/08/11 v1.0a Computer Modern Cyrillic font definitions
))
(D:\programs\MiKTeX\tex/latex/base\inputenc.sty
Package: inputenc 2021/02/14 v1.3d Input encoding file
\inpenc@prehook=\toks17
\inpenc@posthook=\toks18
)
(D:\programs\MiKTeX\tex/generic/babel\babel.sty
Package: babel 2024/03/29 v24.3 The Babel package
\babel@savecnt=\count196
\U@D=\dimen141
\l@unhyphenated=\language79

(D:\programs\MiKTeX\tex/generic/babel\txtbabel.def)
\bbl@readstream=\read2
\bbl@dirlevel=\count197

*************************************
* Local config file bblopts.cfg used
*
(D:\programs\MiKTeX\tex/latex/arabi\bblopts.cfg
File: bblopts.cfg 2005/09/08 v0.1 add Arabic and Farsi to "declared" options of
 babel
)
(D:\programs\MiKTeX\tex/latex/babel-english\english.ldf
Language: english 2017/06/06 v3.3r English support from the babel system
Package babel Info: Hyphen rules for 'canadian' set to \l@english
(babel)             (\language0). Reported on input line 102.
Package babel Info: Hyphen rules for 'australian' set to \l@ukenglish
(babel)             (\language73). Reported on input line 105.
Package babel Info: Hyphen rules for 'newzealand' set to \l@ukenglish
(babel)             (\language73). Reported on input line 108.
)
(C:\Users\–ù–∏–ª\AppData\Local\Programs\MiKTeX\tex/latex/babel-russian\russianb
.ldf
File: russianb.ldf 2021/01/10 1.3m Russian support for the Babel system
Language: russian 2020/09/09 1.3k Russian support for the Babel system
Package babel Info: Making " an active character on input line 124.
Package babel Info: Default for \cyrdash is provided on input line 163.
)) (D:\programs\MiKTeX\tex/generic/babel/locale/ru\babel-russian.tex
Package babel Info: Importing font and identification data for russian
(babel)             from babel-ru.ini. Reported on input line 11.
)
(D:\programs\MiKTeX\tex/generic/babel/locale/en\babel-english.tex
Package babel Info: Importing font and identification data for english
(babel)             from babel-en.ini. Reported on input line 11.
)
(C:\Users\–ù–∏–ª\AppData\Local\Programs\MiKTeX\tex/latex/pdfpages\pdfpages.sty
Package: pdfpages 2024/01/21 v0.5y Insert pages of external PDF documents (AM)

(D:\programs\MiKTeX\tex/latex/base\ifthen.sty
Package: ifthen 2022/04/13 v1.1d Standard LaTeX ifthen package (DPC)
)
(D:\programs\MiKTeX\tex/latex/tools\calc.sty
Package: calc 2023/07/08 v4.3 Infix arithmetic (KKT,FJ)
\calc@Acount=\count198
\calc@Bcount=\count199
\calc@Adimen=\dimen142
\calc@Bdimen=\dimen143
\calc@Askip=\skip50
\calc@Bskip=\skip51
LaTeX Info: Redefining \setlength on input line 80.
LaTeX Info: Redefining \addtolength on input line 81.
\calc@Ccount=\count266
\calc@Cskip=\skip52
)
(C:\Users\–ù–∏–ª\AppData\Local\Programs\MiKTeX\tex/latex/eso-pic\eso-pic.sty
Package: eso-pic 2023/05/03 v3.0c eso-pic (RN)
\ESO@tempdima=\dimen144
\ESO@tempdimb=\dimen145

(D:\programs\MiKTeX\tex/latex/graphics\keyval.sty
Package: keyval 2022/05/29 v1.15 key=value parser (DPC)
\KV@toks@=\toks19
)
(D:\programs\MiKTeX\tex/latex/xcolor\xcolor.sty
Package: xcolor 2023/11/15 v3.01 LaTeX color extensions (UK)

(D:\programs\MiKTeX\tex/latex/graphics-cfg\color.cfg
File: color.cfg 2016/01/02 v1.6 sample color configuration
)
Package xcolor Info: Driver file: pdftex.def on input line 274.

(D:\programs\MiKTeX\tex/latex/graphics-def\pdftex.def
File: pdftex.def 2022/09/22 v1.2b Graphics/color driver for pdftex
)
(D:\programs\MiKTeX\tex/latex/graphics\mathcolor.ltx)
Package xcolor Info: Model `cmy' substituted by `cmy0' on input line 1350.
Package xcolor Info: Model `hsb' substituted by `rgb' on input line 1354.
Package xcolor Info: Model `RGB' extended on input line 1366.
Package xcolor Info: Model `HTML' substituted by `rgb' on input line 1368.
Package xcolor Info: Model `Hsb' substituted by `hsb' on input line 1369.
Package xcolor Info: Model `tHsb' substituted by `hsb' on input line 1370.
Package xcolor Info: Model `HSB' substituted by `hsb' on input line 1371.
Package xcolor Info: Model `Gray' substituted by `gray' on input line 1372.
Package xcolor Info: Model `wave' substituted by `hsb' on input line 1373.
))
(D:\programs\MiKTeX\tex/latex/graphics\graphicx.sty
Package: graphicx 2021/09/16 v1.2d Enhanced LaTeX Graphics (DPC,SPQR)

(D:\programs\MiKTeX\tex/latex/graphics\graphics.sty
Package: graphics 2022/03/10 v1.4e Standard LaTeX Graphics (DPC,SPQR)

(D:\programs\MiKTeX\tex/latex/graphics\trig.sty
Package: trig 2021/08/11 v1.11 sin cos tan (DPC)
)
(D:\programs\MiKTeX\tex/latex/graphics-cfg\graphics.cfg
File: graphics.cfg 2016/06/04 v1.11 sample graphics configuration
)
Package graphics Info: Driver file: pdftex.def on input line 107.
)
\Gin@req@height=\dimen146
\Gin@req@width=\dimen147
)
\AM@pagewidth=\dimen148
\AM@pageheight=\dimen149
\AM@fboxrule=\dimen150

(C:\Users\–ù–∏–ª\AppData\Local\Programs\MiKTeX\tex/latex/pdfpages\pppdftex.def
File: pppdftex.def 2024/01/21 v0.5y Pdfpages driver for pdfTeX (AM)
)
\pdfpages@includegraphics@status=\count267
\AM@pagebox=\box51
\AM@global@opts=\toks20
\AM@pagecnt=\count268
\AM@toc@title=\toks21
\AM@lof@heading=\toks22
\c@AM@survey=\count269
\AM@templatesizebox=\box52
)
(C:\Users\–ù–∏–ª\AppData\Local\Programs\MiKTeX\tex/latex/multirow\multirow.sty
Package: multirow 2021/03/15 v2.8 Span multiple rows of a table
\multirow@colwidth=\skip53
\multirow@cntb=\count270
\multirow@dima=\skip54
\bigstrutjot=\dimen151
) (C:\Users\–ù–∏–ª\AppData\Local\Programs\MiKTeX\tex/latex/caption\caption.sty
Package: caption 2023/08/05 v3.6o Customizing captions (AR)

(C:\Users\–ù–∏–ª\AppData\Local\Programs\MiKTeX\tex/latex/caption\caption3.sty
Package: caption3 2023/07/31 v2.4d caption3 kernel (AR)
\caption@tempdima=\dimen152
\captionmargin=\dimen153
\caption@leftmargin=\dimen154
\caption@rightmargin=\dimen155
\caption@width=\dimen156
\caption@indent=\dimen157
\caption@parindent=\dimen158
\caption@hangindent=\dimen159
Package caption Info: Standard document class detected.
)
\c@caption@flags=\count271
\c@continuedfloat=\count272
) (D:\programs\MiKTeX\tex/latex/amsmath\amsmath.sty
Package: amsmath 2023/05/13 v2.17o AMS math features
\@mathmargin=\skip55

For additional information on amsmath, use the `?' option.
(D:\programs\MiKTeX\tex/latex/amsmath\amstext.sty
Package: amstext 2021/08/26 v2.01 AMS text

(D:\programs\MiKTeX\tex/latex/amsmath\amsgen.sty
File: amsgen.sty 1999/11/30 v2.0 generic functions
\@emptytoks=\toks23
\ex@=\dimen160
))
(D:\programs\MiKTeX\tex/latex/amsmath\amsbsy.sty
Package: amsbsy 1999/11/29 v1.2d Bold Symbols
\pmbraise@=\dimen161
)
(D:\programs\MiKTeX\tex/latex/amsmath\amsopn.sty
Package: amsopn 2022/04/08 v2.04 operator names
)
\inf@bad=\count273
LaTeX Info: Redefining \frac on input line 234.
\uproot@=\count274
\leftroot@=\count275
LaTeX Info: Redefining \overline on input line 399.
LaTeX Info: Redefining \colon on input line 410.
\classnum@=\count276
\DOTSCASE@=\count277
LaTeX Info: Redefining \ldots on input line 496.
LaTeX Info: Redefining \dots on input line 499.
LaTeX Info: Redefining \cdots on input line 620.
\Mathstrutbox@=\box53
\strutbox@=\box54
LaTeX Info: Redefining \big on input line 722.
LaTeX Info: Redefining \Big on input line 723.
LaTeX Info: Redefining \bigg on input line 724.
LaTeX Info: Redefining \Bigg on input line 725.
\big@size=\dimen162
LaTeX Font Info:    Redeclaring font encoding OML on input line 743.
LaTeX Font Info:    Redeclaring font encoding OMS on input line 744.
\macc@depth=\count278
LaTeX Info: Redefining \bmod on input line 905.
LaTeX Info: Redefining \pmod on input line 910.
LaTeX Info: Redefining \smash on input line 940.
LaTeX Info: Redefining \relbar on input line 970.
LaTeX Info: Redefining \Relbar on input line 971.
\c@MaxMatrixCols=\count279
\dotsspace@=\muskip16
\c@parentequation=\count280
\dspbrk@lvl=\count281
\tag@help=\toks24
\row@=\count282
\column@=\count283
\maxfields@=\count284
\andhelp@=\toks25
\eqnshift@=\dimen163
\alignsep@=\dimen164
\tagshift@=\dimen165
\tagwidth@=\dimen166
\totwidth@=\dimen167
\lineht@=\dimen168
\@envbody=\toks26
\multlinegap=\skip56
\multlinetaggap=\skip57
\mathdisplay@stack=\toks27
LaTeX Info: Redefining \[ on input line 2953.
LaTeX Info: Redefining \] on input line 2954.
)
(D:\programs\MiKTeX\tex/latex/hyperref\hyperref.sty
Package: hyperref 2024-01-20 v7.01h Hypertext links for LaTeX

(D:\programs\MiKTeX\tex/generic/iftex\iftex.sty
Package: iftex 2022/02/03 v1.0f TeX engine tests
)
(C:\Users\–ù–∏–ª\AppData\Local\Programs\MiKTeX\tex/latex/kvsetkeys\kvsetkeys.st
y
Package: kvsetkeys 2022-10-05 v1.19 Key value parser (HO)
)
(C:\Users\–ù–∏–ª\AppData\Local\Programs\MiKTeX\tex/generic/kvdefinekeys\kvdefin
ekeys.sty
Package: kvdefinekeys 2019-12-19 v1.6 Define keys (HO)
)
(C:\Users\–ù–∏–ª\AppData\Local\Programs\MiKTeX\tex/generic/pdfescape\pdfescape.
sty
Package: pdfescape 2019/12/09 v1.15 Implements pdfTeX's escape features (HO)

(C:\Users\–ù–∏–ª\AppData\Local\Programs\MiKTeX\tex/generic/ltxcmds\ltxcmds.sty
Package: ltxcmds 2023-12-04 v1.26 LaTeX kernel commands for general use (HO)
) (D:\programs\MiKTeX\tex/generic/pdftexcmds\pdftexcmds.sty
Package: pdftexcmds 2020-06-27 v0.33 Utility functions of pdfTeX for LuaTeX (HO
)

(C:\Users\–ù–∏–ª\AppData\Local\Programs\MiKTeX\tex/generic/infwarerr\infwarerr.
sty
Package: infwarerr 2019/12/03 v1.5 Providing info/warning/error messages (HO)
)
Package pdftexcmds Info: \pdf@primitive is available.
Package pdftexcmds Info: \pdf@ifprimitive is available.
Package pdftexcmds Info: \pdfdraftmode found.
))
(C:\Users\–ù–∏–ª\AppData\Local\Programs\MiKTeX\tex/latex/hycolor\hycolor.sty
Package: hycolor 2020-01-27 v1.10 Color options for hyperref/bookmark (HO)
)
(C:\Users\–ù–∏–ª\AppData\Local\Programs\MiKTeX\tex/latex/auxhook\auxhook.sty
Package: auxhook 2019-12-17 v1.6 Hooks for auxiliary files (HO)
)
(D:\programs\MiKTeX\tex/latex/hyperref\nameref.sty
Package: nameref 2023-11-26 v2.56 Cross-referencing by name of section

(C:\Users\–ù–∏–ª\AppData\Local\Programs\MiKTeX\tex/latex/refcount\refcount.sty
Package: refcount 2019/12/15 v3.6 Data extraction from label references (HO)
)
(C:\Users\–ù–∏–ª\AppData\Local\Programs\MiKTeX\tex/generic/gettitlestring\getti
tlestring.sty
Package: gettitlestring 2019/12/15 v1.6 Cleanup title references (HO)

(C:\Users\–ù–∏–ª\AppData\Local\Programs\MiKTeX\tex/latex/kvoptions\kvoptions.st
y
Package: kvoptions 2022-06-15 v3.15 Key value format for package options (HO)
))
\c@section@level=\count285
) (D:\programs\MiKTeX\tex/latex/etoolbox\etoolbox.sty
Package: etoolbox 2020/10/05 v2.5k e-TeX tools for LaTeX (JAW)
\etb@tempcnta=\count286
)
\@linkdim=\dimen169
\Hy@linkcounter=\count287
\Hy@pagecounter=\count288

(D:\programs\MiKTeX\tex/latex/hyperref\pd1enc.def
File: pd1enc.def 2024-01-20 v7.01h Hyperref: PDFDocEncoding definition (HO)
Now handling font encoding PD1 ...
... no UTF-8 mapping file for font encoding PD1
)
(C:\Users\–ù–∏–ª\AppData\Local\Programs\MiKTeX\tex/generic/intcalc\intcalc.sty
Package: intcalc 2019/12/15 v1.3 Expandable calculations with integers (HO)
)
\Hy@SavedSpaceFactor=\count289
(D:\programs\MiKTeX\tex/latex/hyperref\puenc.def
File: puenc.def 2024-01-20 v7.01h Hyperref: PDF Unicode definition (HO)
Now handling font encoding PU ...
... no UTF-8 mapping file for font encoding PU
)
Package hyperref Info: Option `unicode' set `true' on input line 3165.
Package hyperref Info: Hyper figures OFF on input line 4179.
Package hyperref Info: Link nesting OFF on input line 4184.
Package hyperref Info: Hyper index ON on input line 4187.
Package hyperref Info: Plain pages OFF on input line 4194.
Package hyperref Info: Backreferencing OFF on input line 4199.
Package hyperref Info: Implicit mode ON; LaTeX internals redefined.
Package hyperref Info: Bookmarks ON on input line 4446.
\c@Hy@tempcnt=\count290

(D:\programs\MiKTeX\tex/latex/url\url.sty
\Urlmuskip=\muskip17
Package: url 2013/09/16  ver 3.4  Verb mode for urls, etc.
)
LaTeX Info: Redefining \url on input line 4784.
\XeTeXLinkMargin=\dimen170

(C:\Users\–ù–∏–ª\AppData\Local\Programs\MiKTeX\tex/generic/bitset\bitset.sty
Package: bitset 2019/12/09 v1.3 Handle bit-vector datatype (HO)

(C:\Users\–ù–∏–ª\AppData\Local\Programs\MiKTeX\tex/generic/bigintcalc\bigintcal
c.sty
Package: bigintcalc 2019/12/15 v1.5 Expandable calculations on big integers (HO
)
))
\Fld@menulength=\count291
\Field@Width=\dimen171
\Fld@charsize=\dimen172
Package hyperref Info: Hyper figures OFF on input line 6063.
Package hyperref Info: Link nesting OFF on input line 6068.
Package hyperref Info: Hyper index ON on input line 6071.
Package hyperref Info: backreferencing OFF on input line 6078.
Package hyperref Info: Link coloring OFF on input line 6083.
Package hyperref Info: Link coloring with OCG OFF on input line 6088.
Package hyperref Info: PDF/A mode OFF on input line 6093.
 (D:\programs\MiKTeX\tex/latex/base\atbegshi-ltx.sty
Package: atbegshi-ltx 2021/01/10 v1.0c Emulation of the original atbegshi
package with kernel methods
)
\Hy@abspage=\count292
\c@Item=\count293
\c@Hfootnote=\count294
)
Package hyperref Info: Driver (autodetected): hpdftex.

(D:\programs\MiKTeX\tex/latex/hyperref\hpdftex.def
File: hpdftex.def 2024-01-20 v7.01h Hyperref driver for pdfTeX

(D:\programs\MiKTeX\tex/latex/base\atveryend-ltx.sty
Package: atveryend-ltx 2020/08/19 v1.0a Emulation of the original atveryend pac
kage
with kernel methods
)
\Fld@listcount=\count295
\c@bookmark@seq@number=\count296

(C:\Users\–ù–∏–ª\AppData\Local\Programs\MiKTeX\tex/latex/rerunfilecheck\rerunfi
lecheck.sty
Package: rerunfilecheck 2022-07-10 v1.10 Rerun checks for auxiliary files (HO)

(C:\Users\–ù–∏–ª\AppData\Local\Programs\MiKTeX\tex/generic/uniquecounter\unique
counter.sty
Package: uniquecounter 2019/12/15 v1.4 Provide unlimited unique counter (HO)
)
Package uniquecounter Info: New unique counter `rerunfilecheck' on input line 2
85.
)
\Hy@SectionHShift=\skip58
)
(C:\Users\–ù–∏–ª\AppData\Local\Programs\MiKTeX\tex/latex/float\float.sty
Package: float 2001/11/08 v1.3d Float enhancements (AL)
\c@float@type=\count297
\float@exts=\toks28
\float@box=\box55
\@float@everytoks=\toks29
\@floatcapt=\box56
)
(C:\Users\–ù–∏–ª\AppData\Local\Programs\MiKTeX\tex/latex/wrapfig\wrapfig.sty
\wrapoverhang=\dimen173
\WF@size=\dimen174
\c@WF@wrappedlines=\count298
\WF@box=\box57
\WF@everypar=\toks30
Package: wrapfig 2003/01/31  v 3.6
)
(D:\programs\MiKTeX\tex/latex/l3backend\l3backend-pdftex.def
File: l3backend-pdftex.def 2024-03-14 L3 backend support: PDF output (pdfTeX)
\l__color_backend_stack_int=\count299
\l__pdf_internal_box=\box58
) (–î–∏–ø–ª–æ–º.aux)
\openout1 = `–î–∏–ø–ª–æ–º.aux'.

LaTeX Font Info:    Checking defaults for OML/cmm/m/it on input line 32.
LaTeX Font Info:    ... okay on input line 32.
LaTeX Font Info:    Checking defaults for OMS/cmsy/m/n on input line 32.
LaTeX Font Info:    ... okay on input line 32.
LaTeX Font Info:    Checking defaults for OT1/cmr/m/n on input line 32.
LaTeX Font Info:    ... okay on input line 32.
LaTeX Font Info:    Checking defaults for T1/cmr/m/n on input line 32.
LaTeX Font Info:    ... okay on input line 32.
LaTeX Font Info:    Checking defaults for TS1/cmr/m/n on input line 32.
LaTeX Font Info:    ... okay on input line 32.
LaTeX Font Info:    Checking defaults for OMX/cmex/m/n on input line 32.
LaTeX Font Info:    ... okay on input line 32.
LaTeX Font Info:    Checking defaults for U/cmr/m/n on input line 32.
LaTeX Font Info:    ... okay on input line 32.
LaTeX Font Info:    Checking defaults for T2A/cmr/m/n on input line 32.
LaTeX Font Info:    ... okay on input line 32.
LaTeX Font Info:    Checking defaults for PD1/pdf/m/n on input line 32.
LaTeX Font Info:    ... okay on input line 32.
LaTeX Font Info:    Checking defaults for PU/pdf/m/n on input line 32.
LaTeX Font Info:    ... okay on input line 32.
LaTeX Info: Redefining \th on input line 32.
 (D:\programs\MiKTeX\tex/context/base/mkii\supp-pdf.mkii
[Loading MPS to PDF converter (version 2006.09.02).]
\scratchcounter=\count300
\scratchdimen=\dimen175
\scratchbox=\box59
\nofMPsegments=\count301
\nofMParguments=\count302
\everyMPshowfont=\toks31
\MPscratchCnt=\count303
\MPscratchDim=\dimen176
\MPnumerator=\count304
\makeMPintoPDFobject=\count305
\everyMPtoPDFconversion=\toks32
) (D:\programs\MiKTeX\tex/latex/epstopdf-pkg\epstopdf-base.sty
Package: epstopdf-base 2020-01-24 v2.11 Base part for package epstopdf
Package epstopdf-base Info: Redefining graphics rule for `.eps' on input line 4
85.

(D:\programs\MiKTeX\tex/latex/00miktex\epstopdf-sys.cfg
File: epstopdf-sys.cfg 2021/03/18 v2.0 Configuration of epstopdf for MiKTeX
))
(C:\Users\–ù–∏–ª\AppData\Local\Programs\MiKTeX\tex/latex/pdflscape\pdflscape.st
y
Package: pdflscape 2022-10-27 v0.13 Display of landscape pages in PDF

(C:\Users\–ù–∏–ª\AppData\Local\Programs\MiKTeX\tex/latex/pdflscape\pdflscape-no
metadata.sty
Package: pdflscape-nometadata 2022-10-28 v0.13 Display of landscape pages in PD
F (HO)
 (D:\programs\MiKTeX\tex/latex/graphics\lscape.sty
Package: lscape 2020/05/28 v3.02 Landscape Pages (DPC)
)
Package pdflscape Info: Auto-detected driver: pdftex on input line 81.
))
Package caption Info: Begin \AtBeginDocument code.
Package caption Info: float package is loaded.
Package caption Info: hyperref package is loaded.
Package caption Info: wrapfig package is loaded.
Package caption Info: End \AtBeginDocument code.
Package hyperref Info: Link coloring OFF on input line 32.

(–î–∏–ø–ª–æ–º.out) (–î–∏–ø–ª–æ–º.out)
\@outlinefile=\write3
\openout3 = `–î–∏–ø–ª–æ–º.out'.



pdfTeX warning: pdflatex (file ./Titul.pdf): PDF inclusion: found PDF version <
1.7>, but at most version <1.5> allowed
<Titul.pdf, id=91, 597.53635pt x 845.04686pt>
File: Titul.pdf Graphic file (type pdf)
<use Titul.pdf>
Package pdftex.def Info: Titul.pdf  used on input line 34.
(pdftex.def)             Requested size: 597.53488pt x 845.0448pt.


pdfTeX warning: pdflatex (file ./Titul.pdf): PDF inclusion: found PDF version <
1.7>, but at most version <1.5> allowed
File: Titul.pdf Graphic file (type pdf)
<use Titul.pdf>
Package pdftex.def Info: Titul.pdf  used on input line 34.
(pdftex.def)             Requested size: 597.53488pt x 845.0448pt.


pdfTeX warning: pdflatex (file ./Titul.pdf): PDF inclusion: found PDF version <
1.7>, but at most version <1.5> allowed


pdfTeX warning: pdflatex (file ./Titul.pdf): PDF inclusion: found PDF version <
1.7>, but at most version <1.5> allowed
<Titul.pdf, id=94, page=1, 597.53635pt x 845.04686pt>
File: Titul.pdf Graphic file (type pdf)
<use Titul.pdf, page 1>
Package pdftex.def Info: Titul.pdf , page1 used on input line 34.
(pdftex.def)             Requested size: 597.53488pt x 845.0448pt.
File: Titul.pdf Graphic file (type pdf)
<use Titul.pdf, page 1>
Package pdftex.def Info: Titul.pdf , page1 used on input line 34.
(pdftex.def)             Requested size: 562.14925pt x 795.00179pt.
File: Titul.pdf Graphic file (type pdf)
<use Titul.pdf, page 1>
Package pdftex.def Info: Titul.pdf , page1 used on input line 34.
(pdftex.def)             Requested size: 562.14925pt x 795.00179pt.
File: Titul.pdf Graphic file (type pdf)
<use Titul.pdf, page 1>
Package pdftex.def Info: Titul.pdf , page1 used on input line 34.
(pdftex.def)             Requested size: 562.14925pt x 795.00179pt.
File: Titul.pdf Graphic file (type pdf)
<use Titul.pdf, page 1>
Package pdftex.def Info: Titul.pdf , page1 used on input line 34.
(pdftex.def)             Requested size: 562.14925pt x 795.00179pt.
[1


 <./Titul.pdf>] (–î–∏–ø–ª–æ–º.toc)
\tf@toc=\write4
\openout4 = `–î–∏–ø–ª–æ–º.toc'.

 [2{C:/Users/–ù–∏–ª/AppData/Local/MiKTeX/fonts/map/pdftex/pdftex.map}] [3]
<Electrolizer.jpg, id=169, 504.9264pt x 364.7226pt>
File: Electrolizer.jpg Graphic file (type jpg)
<use Electrolizer.jpg>
Package pdftex.def Info: Electrolizer.jpg  used on input line 71.
(pdftex.def)             Requested size: 276.00105pt x 199.36812pt.
 [4 <./Electrolizer.jpg>] [5] [6]
<scheme.png, id=225, 658.71094pt x 718.18312pt>
File: scheme.png Graphic file (type png)
<use scheme.png>
Package pdftex.def Info: scheme.png  used on input line 159.
(pdftex.def)             Requested size: 276.00105pt x 300.92255pt.
 [7 <./scheme.png>]
<S.png, id=247, 462.528pt x 320.1561pt>
File: S.png Graphic file (type png)
<use S.png>
Package pdftex.def Info: S.png  used on input line 201.
(pdftex.def)             Requested size: 276.00105pt x 191.05458pt.
 [8]
<Sa.png, id=266, 462.528pt x 320.1561pt>
File: Sa.png Graphic file (type png)
<use Sa.png>
Package pdftex.def Info: Sa.png  used on input line 209.
(pdftex.def)             Requested size: 276.00105pt x 191.05458pt.
<I.png, id=267, 462.528pt x 320.1561pt>
File: I.png Graphic file (type png)
<use I.png>
Package pdftex.def Info: I.png  used on input line 217.
(pdftex.def)             Requested size: 276.00105pt x 191.05458pt.
 [9 <./S.png> <./Sa.png>]
<i.png, id=274, 462.528pt x 320.1561pt>
File: i.png Graphic file (type png)
<use i.png>
Package pdftex.def Info: i.png  used on input line 225.
(pdftex.def)             Requested size: 276.00105pt x 191.05458pt.
<L.png, id=275, 462.528pt x 320.1561pt>
File: L.png Graphic file (type png)
<use L.png>
Package pdftex.def Info: L.png  used on input line 233.
(pdftex.def)             Requested size: 276.00105pt x 191.05458pt.
 [10 <./I.png> <./i.png>]
<T.png, id=282, 462.528pt x 320.1561pt>
File: T.png Graphic file (type png)
<use T.png>
Package pdftex.def Info: T.png  used on input line 241.
(pdftex.def)             Requested size: 276.00105pt x 191.05458pt.
 [11 <./L.png> <./T.png>]
<First_surface.png, id=297, 462.528pt x 346.896pt>
File: First_surface.png Graphic file (type png)
<use First_surface.png>
Package pdftex.def Info: First_surface.png  used on input line 280.
(pdftex.def)             Requested size: 276.00105pt x 207.01175pt.
 [12] [13 <./First_surface.png>] [14] [15] [16]
<Second_surface.png, id=347, 462.528pt x 346.896pt>
File: Second_surface.png Graphic file (type png)
<use Second_surface.png>
Package pdftex.def Info: Second_surface.png  used on input line 384.
(pdftex.def)             Requested size: 276.00105pt x 207.01175pt.
 [17] [18 <./Second_surface.png>]
Underfull \hbox (badness 1067) in paragraph at lines 430--430
[]\T2A/cmr/bx/n/12 ÃÓ‰ËÙËˆËÓ‚‡ÌÌ‡ˇ ÚÂÓ-Â-ÚË-˜Â-ÒÍ‡ˇ ÙÓ-ÏÛ-Î‡ ‚˚-
 []

[19] [20] [21]
<–°–µ—Ç–∫–∞.png, id=414, 755.07094pt x 378.66469pt>
File: –°–µ—Ç–∫–∞.png Graphic file (type png)
<use –°–µ—Ç–∫–∞.png>
Package pdftex.def Info: –°–µ—Ç–∫–∞.png  used on input line 494.
(pdftex.def)             Requested size: 276.00105pt x 138.4108pt.
<Triangle.jpg, id=416, 1173.38374pt x 830.10126pt>
File: Triangle.jpg Graphic file (type jpg)
<use Triangle.jpg>
Package pdftex.def Info: Triangle.jpg  used on input line 504.
(pdftex.def)             Requested size: 276.00105pt x 195.25114pt.
 [22 <./–°–µ—Ç–∫–∞.png>]
<triangle_numeration.png, id=425, 505.13719pt x 355.3275pt>
File: triangle_numeration.png Graphic file (type png)
<use triangle_numeration.png>
Package pdftex.def Info: triangle_numeration.png  used on input line 533.
(pdftex.def)             Requested size: 276.00105pt x 194.14574pt.
 [23 <./Triangle.jpg>] [24 <./triangle_numeration.png>]
<triangleL.png, id=442, 586.44093pt x 480.29437pt>
File: triangleL.png Graphic file (type png)
<use triangleL.png>
Package pdftex.def Info: triangleL.png  used on input line 582.
(pdftex.def)             Requested size: 276.00105pt x 226.03885pt.
 [25]
<triangleOAB.png, id=452, 786.68906pt x 494.59781pt>
File: triangleOAB.png Graphic file (type png)
<use triangleOAB.png>
Package pdftex.def Info: triangleOAB.png  used on input line 590.
(pdftex.def)             Requested size: 276.00105pt x 173.5269pt.
 [26 <./triangleL.png> <./triangleOAB.png>] [27] [28]
<cylinder.png, id=487, 462.528pt x 346.896pt>
File: cylinder.png Graphic file (type png)
<use cylinder.png>
Package pdftex.def Info: cylinder.png  used on input line 680.
(pdftex.def)             Requested size: 276.00105pt x 207.01175pt.

[29]
Overfull \hbox (20.27693pt too wide) in paragraph at lines 710--717
 [][] 
 []

[30 <./cylinder.png>]
<squareSurf.png, id=512, 462.528pt x 346.896pt>
File: squareSurf.png Graphic file (type png)
<use squareSurf.png>
Package pdftex.def Info: squareSurf.png  used on input line 754.
(pdftex.def)             Requested size: 276.00105pt x 207.01175pt.
 [31 <./squareSurf.png>] [32]
<h.png, id=538, 462.528pt x 346.896pt>
File: h.png Graphic file (type png)
<use h.png>
Package pdftex.def Info: h.png  used on input line 810.
(pdftex.def)             Requested size: 276.00105pt x 207.01175pt.
<h2.png, id=541, 462.528pt x 346.896pt>
File: h2.png Graphic file (type png)
<use h2.png>
Package pdftex.def Info: h2.png  used on input line 830.
(pdftex.def)             Requested size: 276.00105pt x 207.01175pt.
 [33 <./h.png>] [34 <./h2.png>]
<Surf1.png, id=561, 462.528pt x 346.896pt>
File: Surf1.png Graphic file (type png)
<use Surf1.png>
Package pdftex.def Info: Surf1.png  used on input line 858.
(pdftex.def)             Requested size: 276.00105pt x 207.01175pt.
 [35 <./Surf1.png>]
<Surf2.png, id=573, 462.528pt x 346.896pt>
File: Surf2.png Graphic file (type png)
<use Surf2.png>
Package pdftex.def Info: Surf2.png  used on input line 884.
(pdftex.def)             Requested size: 276.00105pt x 207.01175pt.

Overfull \hbox (24.67928pt too wide) in paragraph at lines 888--889
[]\T2A/cmr/m/n/10 ÃÓÏÂÌÚ ‚Â-ÏÂ-ÌË $\OML/cmm/m/it/10 t[]$ \T2A/cmr/m/n/10 ÒÓ-ÓÚ
-‚ÂÚ-ÒÚ‚Û-ÂÚ ÔÓ-ˆÂÒ-ÒÛ ‚ÓÒ-ÒÚ‡-ÌÓ‚-ÎÂ-ÌËˇ Ã√ƒ-ÒÚ‡·ËÎ¸ÌÓÒÚË
 []

[36 <./Surf2.png>]
<anodeffect.png, id=595, 462.528pt x 346.896pt>
File: anodeffect.png Graphic file (type png)
<use anodeffect.png>
Package pdftex.def Info: anodeffect.png  used on input line 918.
(pdftex.def)             Requested size: 276.00105pt x 207.01175pt.
 [37]
<anodeffect-.png, id=603, 462.528pt x 346.896pt>
File: anodeffect-.png Graphic file (type png)
<use anodeffect-.png>
Package pdftex.def Info: anodeffect-.png  used on input line 937.
(pdftex.def)             Requested size: 276.00105pt x 207.01175pt.
 [38 <./anodeffect.png>]
Overfull \hbox (119.64537pt too wide) in paragraph at lines 1035--1050
 [][] 
 []

[39 <./anodeffect-.png>] [40]
<hloss.png, id=659, 489.32813pt x 338.76563pt>
File: hloss.png Graphic file (type png)
<use hloss.png>
Package pdftex.def Info: hloss.png  used on input line 1062.
(pdftex.def)             Requested size: 276.00105pt x 191.08244pt.
 [41]
<surfloss.png, id=669, 489.32813pt x 338.76563pt>
File: surfloss.png Graphic file (type png)
<use surfloss.png>
Package pdftex.def Info: surfloss.png  used on input line 1068.
(pdftex.def)             Requested size: 276.00105pt x 191.08244pt.
<anodloss.png, id=670, 489.32813pt x 338.76563pt>
File: anodloss.png Graphic file (type png)
<use anodloss.png>
Package pdftex.def Info: anodloss.png  used on input line 1074.
(pdftex.def)             Requested size: 276.00105pt x 191.08244pt.
 [42 <./hloss.png> <./surfloss.png>]
Underfull \hbox (badness 1067) in paragraph at lines 1080--1081
\T2A/cmr/m/n/10 ËÁ-ÏÂ-Â-ÌË˛ Ãœ– ‚ ÔÓ-Ï˚¯-ÎÂÌ-ÌÓÈ ‚‡ÌÌÂ Ò ˆÂ-Î¸˛ ÓÔÂ-‰Â-ÎÂ-ÌË
ˇ Ã√ƒ-
 []

[43 <./anodloss.png>] [44] [45] (–î–∏–ø–ª–æ–º.aux)
 ***********
LaTeX2e <2023-11-01> patch level 1
L3 programming layer <2024-03-14>
 ***********
Package rerunfilecheck Info: File `–î–∏–ø–ª–æ–º.out' has not changed.
(rerunfilecheck)             Checksum: 14B2AE6D66A6DFD1730ED4808BB2D0A5;9769.
 ) 
Here is how much of TeX's memory you used:
 14665 strings out of 474423
 232805 string characters out of 5753909
 1947496 words of memory out of 5000000
 36627 multiletter control sequences out of 15000+600000
 564480 words of font info for 46 fonts, out of 8000000 for 9000
 1141 hyphenation exceptions out of 8191
 75i,17n,79p,2179b,593s stack positions out of 10000i,1000n,20000p,200000b,200000s
 <C:\Users\–ù–∏–ª\AppData\Local\MiKTeX\fonts/pk/ljfour/jknappen/ec/dpi600\tcr
m1000.pk> <C:\Users\–ù–∏–ª\AppData\Local\MiKTeX\fonts/pk/ljfour/lh/lh-t2a/dpi60
0\labx1200.pk> <C:\Users\–ù–∏–ª\AppData\Local\MiKTeX\fonts/pk/ljfour/lh/lh-t2a/
dpi600\larm1000.pk> <C:\Users\–ù–∏–ª\AppData\Local\MiKTeX\fonts/pk/ljfour/lh/lh
-t2a/dpi600\labx1000.pk> <C:\Users\–ù–∏–ª\AppData\Local\MiKTeX\fonts/pk/ljfour/
lh/lh-t2a/dpi600\labx1440.pk><D:/programs/MiKTeX/fonts/type1/public/amsfonts/cm
/cmex10.pfb><D:/programs/MiKTeX/fonts/type1/public/amsfonts/cm/cmmi10.pfb><D:/p
rograms/MiKTeX/fonts/type1/public/amsfonts/cm/cmmi5.pfb><D:/programs/MiKTeX/fon
ts/type1/public/amsfonts/cm/cmmi7.pfb><D:/programs/MiKTeX/fonts/type1/public/am
sfonts/cm/cmr10.pfb><D:/programs/MiKTeX/fonts/type1/public/amsfonts/cm/cmr5.pfb
><D:/programs/MiKTeX/fonts/type1/public/amsfonts/cm/cmr7.pfb><D:/programs/MiKTe
X/fonts/type1/public/amsfonts/cm/cmsy10.pfb><D:/programs/MiKTeX/fonts/type1/pub
lic/amsfonts/cm/cmsy7.pfb>
Output written on –î–∏–ø–ª–æ–º.pdf (45 pages, 2004721 bytes).
PDF statistics:
 1069 PDF objects out of 1200 (max. 8388607)
 204 named destinations out of 1000 (max. 500000)
 327 words of extra memory for PDF output out of 10000 (max. 10000000)

